<?xml version="1.0" encoding="UTF-8"?>
<testsuite xmlns:xsi="http://www.w3.org/2001/XMLSchema-instance" xsi:noNamespaceSchemaLocation="https://maven.apache.org/surefire/maven-surefire-plugin/xsd/surefire-test-report-3.0.xsd" version="3.0" name="com.company.PersonTest" time="5.325" tests="19" errors="0" skipped="0" failures="0">
  <properties>
    <property name="java.specification.version" value="13"/>
    <property name="sun.jnu.encoding" value="UTF-8"/>
    <property name="java.class.path" value="/Users/vinodsn/IdeaProjects/FamilyTree/target/test-classes:/Users/vinodsn/IdeaProjects/FamilyTree/target/classes:/Users/vinodsn/.m2/repository/junit/junit/4.12/junit-4.12.jar:/Users/vinodsn/.m2/repository/org/hamcrest/hamcrest-core/1.3/hamcrest-core-1.3.jar:/Users/vinodsn/.m2/repository/org/testng/testng/7.1.0/testng-7.1.0.jar:/Users/vinodsn/.m2/repository/com/beust/jcommander/1.72/jcommander-1.72.jar:/Users/vinodsn/.m2/repository/com/google/inject/guice/4.1.0/guice-4.1.0-no_aop.jar:/Users/vinodsn/.m2/repository/javax/inject/javax.inject/1/javax.inject-1.jar:/Users/vinodsn/.m2/repository/aopalliance/aopalliance/1.0/aopalliance-1.0.jar:/Users/vinodsn/.m2/repository/com/google/guava/guava/19.0/guava-19.0.jar:/Users/vinodsn/.m2/repository/org/yaml/snakeyaml/1.21/snakeyaml-1.21.jar:"/>
    <property name="java.vm.vendor" value="Oracle Corporation"/>
    <property name="sun.arch.data.model" value="64"/>
    <property name="java.vendor.url" value="https://java.oracle.com/"/>
    <property name="user.timezone" value="Asia/Kolkata"/>
    <property name="os.name" value="Mac OS X"/>
    <property name="java.vm.specification.version" value="13"/>
    <property name="sun.java.launcher" value="SUN_STANDARD"/>
    <property name="user.country" value="GB"/>
    <property name="sun.boot.library.path" value="/Library/Java/JavaVirtualMachines/jdk-13.0.1.jdk/Contents/Home/lib"/>
    <property name="sun.java.command" value="/Users/vinodsn/IdeaProjects/FamilyTree/target/surefire/surefirebooter5780257125106499144.jar /Users/vinodsn/IdeaProjects/FamilyTree/target/surefire 2020-01-25T15-21-11_233-jvmRun1 surefire15699930873005278236tmp surefire_06325511234376796081tmp"/>
    <property name="http.nonProxyHosts" value="local|*.local|169.254/16|*.169.254/16"/>
    <property name="jdk.debug" value="release"/>
    <property name="test" value="PersonTest"/>
    <property name="surefire.test.class.path" value="/Users/vinodsn/IdeaProjects/FamilyTree/target/test-classes:/Users/vinodsn/IdeaProjects/FamilyTree/target/classes:/Users/vinodsn/.m2/repository/junit/junit/4.12/junit-4.12.jar:/Users/vinodsn/.m2/repository/org/hamcrest/hamcrest-core/1.3/hamcrest-core-1.3.jar:/Users/vinodsn/.m2/repository/org/testng/testng/7.1.0/testng-7.1.0.jar:/Users/vinodsn/.m2/repository/com/beust/jcommander/1.72/jcommander-1.72.jar:/Users/vinodsn/.m2/repository/com/google/inject/guice/4.1.0/guice-4.1.0-no_aop.jar:/Users/vinodsn/.m2/repository/javax/inject/javax.inject/1/javax.inject-1.jar:/Users/vinodsn/.m2/repository/aopalliance/aopalliance/1.0/aopalliance-1.0.jar:/Users/vinodsn/.m2/repository/com/google/guava/guava/19.0/guava-19.0.jar:/Users/vinodsn/.m2/repository/org/yaml/snakeyaml/1.21/snakeyaml-1.21.jar:"/>
    <property name="sun.cpu.endian" value="little"/>
    <property name="user.home" value="/Users/vinodsn"/>
    <property name="user.language" value="en"/>
    <property name="java.specification.vendor" value="Oracle Corporation"/>
    <property name="java.version.date" value="2019-10-15"/>
    <property name="java.home" value="/Library/Java/JavaVirtualMachines/jdk-13.0.1.jdk/Contents/Home"/>
    <property name="file.separator" value="/"/>
    <property name="basedir" value="/Users/vinodsn/IdeaProjects/FamilyTree"/>
    <property name="java.vm.compressedOopsMode" value="Zero based"/>
    <property name="line.separator" value="&#10;"/>
    <property name="java.specification.name" value="Java Platform API Specification"/>
    <property name="java.vm.specification.vendor" value="Oracle Corporation"/>
    <property name="surefire.real.class.path" value="/Users/vinodsn/IdeaProjects/FamilyTree/target/surefire/surefirebooter5780257125106499144.jar"/>
    <property name="sun.management.compiler" value="HotSpot 64-Bit Tiered Compilers"/>
    <property name="ftp.nonProxyHosts" value="local|*.local|169.254/16|*.169.254/16"/>
    <property name="java.runtime.version" value="13.0.1+9"/>
    <property name="user.name" value="vinodsn"/>
    <property name="path.separator" value=":"/>
    <property name="os.version" value="10.14.3"/>
    <property name="java.runtime.name" value="Java(TM) SE Runtime Environment"/>
    <property name="file.encoding" value="UTF-8"/>
    <property name="java.vm.name" value="Java HotSpot(TM) 64-Bit Server VM"/>
    <property name="localRepository" value="/Users/vinodsn/.m2/repository"/>
    <property name="java.vendor.url.bug" value="https://bugreport.java.com/bugreport/"/>
    <property name="java.io.tmpdir" value="/var/folders/yy/4wbp2c5x6_dg_bvqbmd9bwy40000gn/T/"/>
    <property name="java.version" value="13.0.1"/>
    <property name="user.dir" value="/Users/vinodsn/IdeaProjects/FamilyTree"/>
    <property name="os.arch" value="x86_64"/>
    <property name="java.vm.specification.name" value="Java Virtual Machine Specification"/>
    <property name="java.library.path" value="/Users/vinodsn/Library/Java/Extensions:/Library/Java/Extensions:/Network/Library/Java/Extensions:/System/Library/Java/Extensions:/usr/lib/java:."/>
    <property name="java.vm.info" value="mixed mode, sharing"/>
    <property name="java.vendor" value="Oracle Corporation"/>
    <property name="java.vm.version" value="13.0.1+9"/>
    <property name="sun.io.unicode.encoding" value="UnicodeBig"/>
    <property name="socksNonProxyHosts" value="local|*.local|169.254/16|*.169.254/16"/>
    <property name="java.class.version" value="57.0"/>
  </properties>
  <testcase name="verifyPersonIsMarriedTo on verifyPersonIsMarriedTo(com.company.PersonTest)" classname="com.company.PersonTest" time="0.021"/>
  <testcase name="findPaternalAuntsGivenAPerson on findPaternalAuntsGivenAPerson(com.company.PersonTest)" classname="com.company.PersonTest" time="0.001"/>
  <testcase name="verifySpouseAfterGettingMarried on verifySpouseAfterGettingMarried(com.company.PersonTest)" classname="com.company.PersonTest" time="0"/>
  <testcase name="findDaughtersGivenAPerson on findDaughtersGivenAPerson(com.company.PersonTest)" classname="com.company.PersonTest" time="0.001"/>
  <testcase name="verifyGiveBirthToAddsChildRelationshipAccordingly on verifyGiveBirthToAddsChildRelationshipAccordingly(com.company.PersonTest)" classname="com.company.PersonTest" time="0"/>
  <testcase name="findSonsGivenAPerson on findSonsGivenAPerson(com.company.PersonTest)" classname="com.company.PersonTest" time="0.001"/>
  <testcase name="findBrotherInLawsGivenAPerson on findBrotherInLawsGivenAPerson(com.company.PersonTest)" classname="com.company.PersonTest" time="0.001"/>
  <testcase name="findFatherGivenAPerson on findFatherGivenAPerson(com.company.PersonTest)" classname="com.company.PersonTest" time="0"/>
  <testcase name="verifyGiveBirthThrowsExceptionWhenPersonIsMale on verifyGiveBirthThrowsExceptionWhenPersonIsMale(com.company.PersonTest)" classname="com.company.PersonTest" time="0"/>
  <testcase name="findSisterInLawsGivenAPerson on findSisterInLawsGivenAPerson(com.company.PersonTest)" classname="com.company.PersonTest" time="0.001"/>
  <testcase name="findChildrenGivenAPerson on findChildrenGivenAPerson(com.company.PersonTest)" classname="com.company.PersonTest" time="0"/>
  <testcase name="verifyGiveBirthThrowsExceptionWhenPersonNotMarried on verifyGiveBirthThrowsExceptionWhenPersonNotMarried(com.company.PersonTest)" classname="com.company.PersonTest" time="0.001"/>
  <testcase name="findMaternalAuntsGivenAPerson on findMaternalAuntsGivenAPerson(com.company.PersonTest)" classname="com.company.PersonTest" time="0"/>
  <testcase name="verifyGiveBirthSetsMotherRelationship on verifyGiveBirthSetsMotherRelationship(com.company.PersonTest)" classname="com.company.PersonTest" time="0"/>
  <testcase name="findMaternalUnclesGivenAPerson on findMaternalUnclesGivenAPerson(com.company.PersonTest)" classname="com.company.PersonTest" time="0"/>
  <testcase name="findPaternalUnclesGivenAPerson on findPaternalUnclesGivenAPerson(com.company.PersonTest)" classname="com.company.PersonTest" time="0"/>
  <testcase name="findBrothersGivenAPerson on findBrothersGivenAPerson(com.company.PersonTest)" classname="com.company.PersonTest" time="0"/>
  <testcase name="findSistersGivenAPerson on findSistersGivenAPerson(com.company.PersonTest)" classname="com.company.PersonTest" time="0"/>
  <testcase name="verifyPersonIdentity on verifyPersonIdentity(com.company.PersonTest)" classname="com.company.PersonTest" time="0"/>
</testsuite>