<?xml version="1.0" encoding="UTF-8"?>
<!-- Generated by org.testng.reporters.JUnitReportReporter -->
<testsuite hostname="Vinods-MacBook-Pro.local" failures="0" tests="19" name="com.company.PersonTest" time="0.112" errors="0" timestamp="2020-01-25T15:23:08 IST" skipped="0">
  <testcase classname="com.company.PersonTest" name="verifyPersonIsMarriedTo" time="0.004"/>
  <system-out/>
  <testcase classname="com.company.PersonTest" name="findBrotherInLawsGivenAPerson" time="0.005"/>
  <system-out/>
  <testcase classname="com.company.PersonTest" name="verifyGiveBirthThrowsExceptionWhenPersonIsMale" time="0.006"/>
  <system-out/>
  <testcase classname="com.company.PersonTest" name="findChildrenGivenAPerson" time="0.007"/>
  <system-out/>
  <testcase classname="com.company.PersonTest" name="findMaternalAuntsGivenAPerson" time="0.006"/>
  <system-out/>
  <testcase classname="com.company.PersonTest" name="findSistersGivenAPerson" time="0.007"/>
  <system-out/>
  <testcase classname="com.company.PersonTest" name="findDaughtersGivenAPerson" time="0.004"/>
  <system-out/>
  <testcase classname="com.company.PersonTest" name="verifySpouseAfterGettingMarried" time="0.004"/>
  <system-out/>
  <testcase classname="com.company.PersonTest" name="findSisterInLawsGivenAPerson" time="0.007"/>
  <system-out/>
  <testcase classname="com.company.PersonTest" name="findPaternalUnclesGivenAPerson" time="0.007"/>
  <system-out/>
  <testcase classname="com.company.PersonTest" name="findFatherGivenAPerson" time="0.005"/>
  <system-out/>
  <testcase classname="com.company.PersonTest" name="verifyGiveBirthToAddsChildRelationshipAccordingly" time="0.005"/>
  <system-out/>
  <testcase classname="com.company.PersonTest" name="verifyGiveBirthThrowsExceptionWhenPersonNotMarried" time="0.006"/>
  <system-out/>
  <testcase classname="com.company.PersonTest" name="findSonsGivenAPerson" time="0.005"/>
  <system-out/>
  <testcase classname="com.company.PersonTest" name="findMaternalUnclesGivenAPerson" time="0.007"/>
  <system-out/>
  <testcase classname="com.company.PersonTest" name="findBrothersGivenAPerson" time="0.008"/>
  <system-out/>
  <testcase classname="com.company.PersonTest" name="verifyGiveBirthSetsMotherRelationship" time="0.007"/>
  <system-out/>
  <testcase classname="com.company.PersonTest" name="verifyPersonIdentity" time="0.007"/>
  <system-out/>
  <testcase classname="com.company.PersonTest" name="findPaternalAuntsGivenAPerson" time="0.005"/>
  <system-out/>
</testsuite> <!-- com.company.PersonTest -->
