<?xml version="1.0" encoding="UTF-8"?>
<!-- Generated by org.testng.reporters.JUnitReportReporter -->
<testsuite hostname="Vinods-MacBook-Pro.local" failures="0" tests="2" name="com.company.CommandHelperTest" time="0.044" errors="0" timestamp="2020-01-25T15:23:27 IST" skipped="0">
  <testcase classname="com.company.CommandHelperTest" name="testGetRelationsCommandForMaternalUncle" time="0.016"/>
  <system-out/>
  <testcase classname="com.company.CommandHelperTest" name="testGetRelationsCommandForMaternalAunt" time="0.028"/>
  <system-out/>
</testsuite> <!-- com.company.CommandHelperTest -->
